  Generate moc_predefs.h
  Moc'ing ..\appcmn_qt\aboutdlg.h...
  Moc'ing ..\appcmn_qt\cmdoptdlg.h...
  Moc'ing ..\appcmn_qt\fileoptdlg.h...
  Moc'ing ..\appcmn_qt\ftpoptdlg.h...
  Moc'ing instrdlg.h...
  Moc'ing ..\appcmn_qt\keydlg.h...
  Moc'ing logstrdlg.h...
  Moc'ing markdlg.h...
  Moc'ing ..\appcmn_qt\maskoptdlg.h...
  Moc'ing mondlg.h...
  Moc'ing navimain.h...
  Moc'ing naviopt.h...
  Moc'ing outstrdlg.h...
  Moc'ing rcvoptdlg.h...
  Moc'ing ..\appcmn_qt\refdlg.h...
  Moc'ing ..\appcmn_qt\serioptdlg.h...
  Moc'ing ..\appcmn_qt\tcpoptdlg.h...
  Moc'ing ..\appcmn_qt\viewer.h...
  Moc'ing ..\appcmn_qt\vieweropt.h...
  Rcc'ing rtknavi_qt.qrc...
  Uic'ing ..\appcmn_qt\aboutdlg.ui...
  Uic'ing ..\appcmn_qt\cmdoptdlg.ui...
  Uic'ing ..\appcmn_qt\fileoptdlg.ui...
  Uic'ing ..\appcmn_qt\ftpoptdlg.ui...
  Uic'ing instrdlg.ui...
  Uic'ing ..\appcmn_qt\keydlg.ui...
  Uic'ing logstrdlg.ui...
  Uic'ing markdlg.ui...
  Uic'ing ..\appcmn_qt\maskoptdlg.ui...
  Uic'ing mondlg.ui...
  Uic'ing navimain.ui...
  Uic'ing naviopt.ui...
  Uic'ing outstrdlg.ui...
  Uic'ing rcvoptdlg.ui...
  Uic'ing ..\appcmn_qt\refdlg.ui...
  Uic'ing ..\appcmn_qt\serioptdlg.ui...
  Uic'ing ..\appcmn_qt\tcpoptdlg.ui...
  Uic'ing ..\appcmn_qt\viewer.ui...
  Uic'ing ..\appcmn_qt\vieweropt.ui...
  aboutdlg.cpp
  cmdoptdlg.cpp
  fileoptdlg.cpp
  ftpoptdlg.cpp
  graph.cpp
  instrdlg.cpp
  keydlg.cpp
e:\qt\qt5.11.1\5.11.1\msvc2017_64\include\qtcore\qsharedpointer_impl.h(667): warning C4003: not enough arguments for function-like macro invocation 'lock' (compiling source file ..\appcmn_qt\ftpoptdlg.cpp)
  logstrdlg.cpp
  main.cpp
  markdlg.cpp
  maskoptdlg.cpp
  mondlg.cpp
  navimain.cpp
e:\qt\qt5.11.1\5.11.1\msvc2017_64\include\qtcore\qsharedpointer_impl.h(667): warning C4003: not enough arguments for function-like macro invocation 'lock' (compiling source file markdlg.cpp)
e:\gnss\rtklib\rtklib_243_gui_qt\app\rtknavi_qt\mondlg.cpp(254): warning C4267: 'argument': conversion from 'size_t' to 'int', possible loss of data
e:\gnss\rtklib\rtklib_243_gui_qt\app\rtknavi_qt\mondlg.cpp(263): warning C4267: 'argument': conversion from 'size_t' to 'int', possible loss of data
e:\gnss\rtklib\rtklib_243_gui_qt\app\rtknavi_qt\mondlg.cpp(272): warning C4267: 'argument': conversion from 'size_t' to 'int', possible loss of data
e:\gnss\rtklib\rtklib_243_gui_qt\app\rtknavi_qt\mondlg.cpp(374): warning C4311: 'type cast': pointer truncation from 'HANDLE' to 'unsigned long'
e:\gnss\rtklib\rtklib_243_gui_qt\app\rtknavi_qt\mondlg.cpp(374): warning C4302: 'type cast': truncation from 'HANDLE' to 'unsigned long'
  naviopt.cpp
  outstrdlg.cpp
  rcvoptdlg.cpp
  refdlg.cpp
  serioptdlg.cpp
e:\gnss\rtklib\rtklib_243_gui_qt\app\rtknavi_qt\navimain.cpp(287): warning C4267: 'argument': conversion from 'size_t' to 'int', possible loss of data
e:\gnss\rtklib\rtklib_243_gui_qt\app\rtknavi_qt\navimain.cpp(488): warning C4267: 'argument': conversion from 'size_t' to 'int', possible loss of data
e:\gnss\rtklib\rtklib_243_gui_qt\app\rtknavi_qt\navimain.cpp(2112): warning C4477: 'sscanf' : format string '%ld' requires an argument of type 'long *', but variadic argument 5 has type 'time_t *'
  e:\gnss\rtklib\rtklib_243_gui_qt\app\rtknavi_qt\navimain.cpp(2112): note: consider using '%lld' in the format string
  e:\gnss\rtklib\rtklib_243_gui_qt\app\rtknavi_qt\navimain.cpp(2112): note: consider using '%Id' in the format string
  e:\gnss\rtklib\rtklib_243_gui_qt\app\rtknavi_qt\navimain.cpp(2112): note: consider using '%I64d' in the format string
e:\gnss\rtklib\rtklib_243_gui_qt\app\rtknavi_qt\navimain.cpp(2112): warning C4477: 'sscanf' : format string '%ld' requires an argument of type 'long *', but variadic argument 6 has type 'time_t *'
  e:\gnss\rtklib\rtklib_243_gui_qt\app\rtknavi_qt\navimain.cpp(2112): note: consider using '%lld' in the format string
  e:\gnss\rtklib\rtklib_243_gui_qt\app\rtknavi_qt\navimain.cpp(2112): note: consider using '%Id' in the format string
  e:\gnss\rtklib\rtklib_243_gui_qt\app\rtknavi_qt\navimain.cpp(2112): note: consider using '%I64d' in the format string
e:\gnss\rtklib\rtklib_243_gui_qt\app\rtknavi_qt\navimain.cpp(2112): warning C4477: 'sscanf' : format string '%ld' requires an argument of type 'long *', but variadic argument 7 has type 'time_t *'
  e:\gnss\rtklib\rtklib_243_gui_qt\app\rtknavi_qt\navimain.cpp(2112): note: consider using '%lld' in the format string
  e:\gnss\rtklib\rtklib_243_gui_qt\app\rtknavi_qt\navimain.cpp(2112): note: consider using '%Id' in the format string
  e:\gnss\rtklib\rtklib_243_gui_qt\app\rtknavi_qt\navimain.cpp(2112): note: consider using '%I64d' in the format string
  tcpoptdlg.cpp
  viewer.cpp
  vieweropt.cpp
  moc_aboutdlg.cpp
e:\qt\qt5.11.1\5.11.1\msvc2017_64\include\qtcore\qsharedpointer_impl.h(667): warning C4003: not enough arguments for function-like macro invocation 'lock' (compiling source file ..\appcmn_qt\tcpoptdlg.cpp)
  moc_cmdoptdlg.cpp
  moc_fileoptdlg.cpp
  moc_ftpoptdlg.cpp
  moc_instrdlg.cpp
  moc_keydlg.cpp
  moc_logstrdlg.cpp
  moc_markdlg.cpp
  moc_maskoptdlg.cpp
  moc_mondlg.cpp
  moc_navimain.cpp
  moc_naviopt.cpp
  moc_outstrdlg.cpp
  moc_rcvoptdlg.cpp
  moc_refdlg.cpp
  moc_serioptdlg.cpp
  moc_tcpoptdlg.cpp
  moc_viewer.cpp
  moc_vieweropt.cpp
  qrc_rtknavi_qt.cpp
LINK : fatal error LNK1104: cannot open file '..\..\src\debug\libRTKLib.a'
