  Generate moc_predefs.h
  Moc'ing ..\appcmn_qt\aboutdlg.h...
  Moc'ing browsmain.h...
  Moc'ing ..\appcmn_qt\gmview.h...
  Moc'ing staoptdlg.h...
  Rcc'ing srctblbrows_qt.qrc...
  Uic'ing ..\appcmn_qt\aboutdlg.ui...
  Uic'ing browsmain.ui...
  Uic'ing ..\appcmn_qt\gmview.ui...
  Uic'ing staoptdlg.ui...
  aboutdlg.cpp
  browsmain.cpp
  gmview.cpp
  srctblbrows.cpp
  staoptdlg.cpp
  moc_aboutdlg.cpp
  moc_browsmain.cpp
  moc_gmview.cpp
e:\gnss\rtklib\rtklib_243_gui_qt\app\srctblbrows_qt\browsmain.cpp(37): warning C4267: 'initializing': conversion from 'size_t' to 'int', possible loss of data
  moc_staoptdlg.cpp
  qrc_srctblbrows_qt.cpp
LINK : fatal error LNK1104: cannot open file '..\..\src\debug\libRTKLib.a'
