  Generate moc_predefs.h
  Moc'ing ..\appcmn_qt\aboutdlg.h...
  Moc'ing codeopt.h...
  Moc'ing convmain.h...
  Moc'ing convopt.h...
  Moc'ing ..\appcmn_qt\keydlg.h...
  Moc'ing startdlg.h...
  Moc'ing ..\appcmn_qt\timedlg.h...
  Moc'ing ..\appcmn_qt\viewer.h...
  Moc'ing ..\appcmn_qt\vieweropt.h...
  Rcc'ing rtkconv_qt.qrc...
  Uic'ing ..\appcmn_qt\aboutdlg.ui...
  Uic'ing codeopt.ui...
  Uic'ing convmain.ui...
  Uic'ing convopt.ui...
  Uic'ing ..\appcmn_qt\keydlg.ui...
  Uic'ing startdlg.ui...
  Uic'ing ..\appcmn_qt\timedlg.ui...
  Uic'ing ..\appcmn_qt\viewer.ui...
  Uic'ing ..\appcmn_qt\vieweropt.ui...
  aboutdlg.cpp
  codeopt.cpp
  convmain.cpp
  convopt.cpp
  keydlg.cpp
  rtkconv.cpp
  startdlg.cpp
  timedlg.cpp
e:\gnss\rtklib\rtklib_243_gui_qt\app\rtkconv_qt\convmain.cpp(727): error C2664: 'int showmsg(char *,...)': cannot convert argument 1 from 'const char [34]' to 'char *'
  e:\gnss\rtklib\rtklib_243_gui_qt\app\rtkconv_qt\convmain.cpp(727): note: Conversion from string literal loses const qualifier (see /Zc:strictStrings)
  viewer.cpp
  vieweropt.cpp
  moc_aboutdlg.cpp
  moc_codeopt.cpp
  moc_convmain.cpp
  moc_convopt.cpp
  moc_keydlg.cpp
  moc_startdlg.cpp
  moc_timedlg.cpp
  moc_viewer.cpp
  moc_vieweropt.cpp
  qrc_rtkconv_qt.cpp
