  Generate moc_predefs.h
  Moc'ing ..\appcmn_qt\aboutdlg.h...
  Moc'ing extopt.h...
  Moc'ing ..\appcmn_qt\keydlg.h...
  Moc'ing kmzconv.h...
  Moc'ing ..\appcmn_qt\maskoptdlg.h...
  Moc'ing postmain.h...
  Moc'ing postopt.h...
  Moc'ing ..\appcmn_qt\refdlg.h...
  Moc'ing ..\appcmn_qt\timedlg.h...
  Moc'ing ..\appcmn_qt\viewer.h...
  Moc'ing ..\appcmn_qt\vieweropt.h...
  Rcc'ing rtkpost_qt.qrc...
  Uic'ing ..\appcmn_qt\aboutdlg.ui...
  Uic'ing extopt.ui...
  Uic'ing ..\appcmn_qt\keydlg.ui...
  Uic'ing kmzconv.ui...
  Uic'ing ..\appcmn_qt\maskoptdlg.ui...
  Uic'ing postmain.ui...
  Uic'ing postopt.ui...
  Uic'ing ..\appcmn_qt\refdlg.ui...
  Uic'ing ..\appcmn_qt\timedlg.ui...
  Uic'ing ..\appcmn_qt\viewer.ui...
  Uic'ing ..\appcmn_qt\vieweropt.ui...
  aboutdlg.cpp
  extopt.cpp
  keydlg.cpp
  kmzconv.cpp
  maskoptdlg.cpp
  postmain.cpp
  postopt.cpp
  refdlg.cpp
  rtkpost.cpp
  timedlg.cpp
  viewer.cpp
  vieweropt.cpp
  moc_aboutdlg.cpp
  moc_extopt.cpp
  moc_keydlg.cpp
  moc_kmzconv.cpp
  moc_maskoptdlg.cpp
  moc_postmain.cpp
  moc_postopt.cpp
  moc_refdlg.cpp
  moc_timedlg.cpp
  moc_viewer.cpp
  moc_vieweropt.cpp
  qrc_rtkpost_qt.cpp
LINK : fatal error LNK1104: cannot open file '..\..\src\debug\libRTKLib.a'
