e:\gnss\rtklib\rtklib_243_gui_qt\app\rtkpost_qt\x64\debug\viewer.obj
e:\gnss\rtklib\rtklib_243_gui_qt\app\rtkpost_qt\x64\debug\moc_maskoptdlg.obj
e:\gnss\rtklib\rtklib_243_gui_qt\app\rtkpost_qt\x64\debug\moc_vieweropt.obj
e:\gnss\rtklib\rtklib_243_gui_qt\app\rtkpost_qt\x64\debug\kmzconv.obj
e:\gnss\rtklib\rtklib_243_gui_qt\app\rtkpost_qt\x64\debug\vieweropt.obj
e:\gnss\rtklib\rtklib_243_gui_qt\app\rtkpost_qt\x64\debug\moc_aboutdlg.obj
e:\gnss\rtklib\rtklib_243_gui_qt\app\rtkpost_qt\x64\debug\moc_postopt.obj
e:\gnss\rtklib\rtklib_243_gui_qt\app\rtkpost_qt\x64\debug\maskoptdlg.obj
e:\gnss\rtklib\rtklib_243_gui_qt\app\rtkpost_qt\x64\debug\rtkpost.obj
e:\gnss\rtklib\rtklib_243_gui_qt\app\rtkpost_qt\x64\debug\moc_keydlg.obj
e:\gnss\rtklib\rtklib_243_gui_qt\app\rtkpost_qt\x64\debug\moc_timedlg.obj
e:\gnss\rtklib\rtklib_243_gui_qt\app\rtkpost_qt\x64\debug\keydlg.obj
e:\gnss\rtklib\rtklib_243_gui_qt\app\rtkpost_qt\x64\debug\postopt.obj
e:\gnss\rtklib\rtklib_243_gui_qt\app\rtkpost_qt\x64\debug\moc_postmain.obj
e:\gnss\rtklib\rtklib_243_gui_qt\app\rtkpost_qt\x64\debug\aboutdlg.obj
e:\gnss\rtklib\rtklib_243_gui_qt\app\rtkpost_qt\x64\debug\refdlg.obj
e:\gnss\rtklib\rtklib_243_gui_qt\app\rtkpost_qt\x64\debug\moc_extopt.obj
e:\gnss\rtklib\rtklib_243_gui_qt\app\rtkpost_qt\x64\debug\moc_refdlg.obj
e:\gnss\rtklib\rtklib_243_gui_qt\app\rtkpost_qt\x64\debug\qrc_rtkpost_qt.obj
e:\gnss\rtklib\rtklib_243_gui_qt\app\rtkpost_qt\x64\debug\extopt.obj
e:\gnss\rtklib\rtklib_243_gui_qt\app\rtkpost_qt\x64\debug\timedlg.obj
e:\gnss\rtklib\rtklib_243_gui_qt\app\rtkpost_qt\x64\debug\moc_kmzconv.obj
e:\gnss\rtklib\rtklib_243_gui_qt\app\rtkpost_qt\x64\debug\moc_viewer.obj
e:\gnss\rtklib\rtklib_243_gui_qt\app\rtkpost_qt\debug\moc_predefs.h
e:\gnss\rtklib\rtklib_243_gui_qt\app\rtkpost_qt\.\generatedfiles\debug\moc_aboutdlg.cpp
e:\gnss\rtklib\rtklib_243_gui_qt\app\rtkpost_qt\.\generatedfiles\debug\moc_extopt.cpp
e:\gnss\rtklib\rtklib_243_gui_qt\app\rtkpost_qt\.\generatedfiles\debug\moc_keydlg.cpp
e:\gnss\rtklib\rtklib_243_gui_qt\app\rtkpost_qt\.\generatedfiles\debug\moc_kmzconv.cpp
e:\gnss\rtklib\rtklib_243_gui_qt\app\rtkpost_qt\.\generatedfiles\debug\moc_maskoptdlg.cpp
e:\gnss\rtklib\rtklib_243_gui_qt\app\rtkpost_qt\.\generatedfiles\debug\moc_postmain.cpp
e:\gnss\rtklib\rtklib_243_gui_qt\app\rtkpost_qt\.\generatedfiles\debug\moc_postopt.cpp
e:\gnss\rtklib\rtklib_243_gui_qt\app\rtkpost_qt\.\generatedfiles\debug\moc_refdlg.cpp
e:\gnss\rtklib\rtklib_243_gui_qt\app\rtkpost_qt\.\generatedfiles\debug\moc_timedlg.cpp
e:\gnss\rtklib\rtklib_243_gui_qt\app\rtkpost_qt\.\generatedfiles\debug\moc_viewer.cpp
e:\gnss\rtklib\rtklib_243_gui_qt\app\rtkpost_qt\.\generatedfiles\debug\moc_vieweropt.cpp
e:\gnss\rtklib\rtklib_243_gui_qt\app\rtkpost_qt\.\generatedfiles\qrc_rtkpost_qt.cpp
e:\gnss\rtklib\rtklib_243_gui_qt\app\rtkpost_qt\.\generatedfiles\ui_aboutdlg.h
e:\gnss\rtklib\rtklib_243_gui_qt\app\rtkpost_qt\.\generatedfiles\ui_extopt.h
e:\gnss\rtklib\rtklib_243_gui_qt\app\rtkpost_qt\.\generatedfiles\ui_keydlg.h
e:\gnss\rtklib\rtklib_243_gui_qt\app\rtkpost_qt\.\generatedfiles\ui_kmzconv.h
e:\gnss\rtklib\rtklib_243_gui_qt\app\rtkpost_qt\.\generatedfiles\ui_maskoptdlg.h
e:\gnss\rtklib\rtklib_243_gui_qt\app\rtkpost_qt\.\generatedfiles\ui_postmain.h
e:\gnss\rtklib\rtklib_243_gui_qt\app\rtkpost_qt\.\generatedfiles\ui_postopt.h
e:\gnss\rtklib\rtklib_243_gui_qt\app\rtkpost_qt\.\generatedfiles\ui_refdlg.h
e:\gnss\rtklib\rtklib_243_gui_qt\app\rtkpost_qt\.\generatedfiles\ui_timedlg.h
e:\gnss\rtklib\rtklib_243_gui_qt\app\rtkpost_qt\.\generatedfiles\ui_viewer.h
e:\gnss\rtklib\rtklib_243_gui_qt\app\rtkpost_qt\.\generatedfiles\ui_vieweropt.h
e:\gnss\rtklib\rtklib_243_gui_qt\app\rtkpost_qt\generatedfiles\debug\moc_aboutdlg.cpp
e:\gnss\rtklib\rtklib_243_gui_qt\app\rtkpost_qt\generatedfiles\debug\moc_extopt.cpp
e:\gnss\rtklib\rtklib_243_gui_qt\app\rtkpost_qt\generatedfiles\debug\moc_keydlg.cpp
e:\gnss\rtklib\rtklib_243_gui_qt\app\rtkpost_qt\generatedfiles\debug\moc_kmzconv.cpp
e:\gnss\rtklib\rtklib_243_gui_qt\app\rtkpost_qt\generatedfiles\debug\moc_maskoptdlg.cpp
e:\gnss\rtklib\rtklib_243_gui_qt\app\rtkpost_qt\generatedfiles\debug\moc_postmain.cpp
e:\gnss\rtklib\rtklib_243_gui_qt\app\rtkpost_qt\generatedfiles\debug\moc_postopt.cpp
e:\gnss\rtklib\rtklib_243_gui_qt\app\rtkpost_qt\generatedfiles\debug\moc_refdlg.cpp
e:\gnss\rtklib\rtklib_243_gui_qt\app\rtkpost_qt\generatedfiles\debug\moc_timedlg.cpp
e:\gnss\rtklib\rtklib_243_gui_qt\app\rtkpost_qt\generatedfiles\debug\moc_viewer.cpp
e:\gnss\rtklib\rtklib_243_gui_qt\app\rtkpost_qt\generatedfiles\debug\moc_vieweropt.cpp
e:\gnss\rtklib\rtklib_243_gui_qt\app\rtkpost_qt\generatedfiles\qrc_rtkpost_qt.cpp
e:\gnss\rtklib\rtklib_243_gui_qt\app\rtkpost_qt\generatedfiles\ui_aboutdlg.h
e:\gnss\rtklib\rtklib_243_gui_qt\app\rtkpost_qt\generatedfiles\ui_extopt.h
e:\gnss\rtklib\rtklib_243_gui_qt\app\rtkpost_qt\generatedfiles\ui_keydlg.h
e:\gnss\rtklib\rtklib_243_gui_qt\app\rtkpost_qt\generatedfiles\ui_kmzconv.h
e:\gnss\rtklib\rtklib_243_gui_qt\app\rtkpost_qt\generatedfiles\ui_maskoptdlg.h
e:\gnss\rtklib\rtklib_243_gui_qt\app\rtkpost_qt\generatedfiles\ui_postmain.h
e:\gnss\rtklib\rtklib_243_gui_qt\app\rtkpost_qt\generatedfiles\ui_postopt.h
e:\gnss\rtklib\rtklib_243_gui_qt\app\rtkpost_qt\generatedfiles\ui_refdlg.h
e:\gnss\rtklib\rtklib_243_gui_qt\app\rtkpost_qt\generatedfiles\ui_timedlg.h
e:\gnss\rtklib\rtklib_243_gui_qt\app\rtkpost_qt\generatedfiles\ui_viewer.h
e:\gnss\rtklib\rtklib_243_gui_qt\app\rtkpost_qt\generatedfiles\ui_vieweropt.h
e:\gnss\rtklib\rtklib_243_gui_qt\app\rtkpost_qt\x64\debug\vc141.pdb
e:\gnss\rtklib\rtklib_243_gui_qt\app\rtkpost_qt\x64\debug\rtkpost_qt.tlog\cl.13384.write.1.tlog
e:\gnss\rtklib\rtklib_243_gui_qt\app\rtkpost_qt\x64\debug\rtkpost_qt.tlog\cl.command.1.tlog
e:\gnss\rtklib\rtklib_243_gui_qt\app\rtkpost_qt\x64\debug\rtkpost_qt.tlog\cl.read.1.tlog
e:\gnss\rtklib\rtklib_243_gui_qt\app\rtkpost_qt\x64\debug\rtkpost_qt.tlog\custombuild.command.1.tlog
e:\gnss\rtklib\rtklib_243_gui_qt\app\rtkpost_qt\x64\debug\rtkpost_qt.tlog\custombuild.read.1.tlog
e:\gnss\rtklib\rtklib_243_gui_qt\app\rtkpost_qt\x64\debug\rtkpost_qt.tlog\custombuild.write.1.tlog
e:\gnss\rtklib\rtklib_243_gui_qt\app\rtkpost_qt\x64\debug\rtkpost_qt.tlog\qtmoc.read.1u.tlog
e:\gnss\rtklib\rtklib_243_gui_qt\app\rtkpost_qt\x64\debug\rtkpost_qt.tlog\qtmoc.write.1u.tlog
e:\gnss\rtklib\rtklib_243_gui_qt\app\rtkpost_qt\x64\debug\rtkpost_qt.tlog\qtrcc.read.1u.tlog
e:\gnss\rtklib\rtklib_243_gui_qt\app\rtkpost_qt\x64\debug\rtkpost_qt.tlog\qtrcc.write.1u.tlog
e:\gnss\rtklib\rtklib_243_gui_qt\app\rtkpost_qt\x64\debug\rtkpost_qt.tlog\qtuic.read.1u.tlog
e:\gnss\rtklib\rtklib_243_gui_qt\app\rtkpost_qt\x64\debug\rtkpost_qt.tlog\qtuic.write.1u.tlog
e:\gnss\rtklib\rtklib_243_gui_qt\app\rtkpost_qt\x64\debug\rtkpost_qt.tlog\rtkpost_qt.write.1u.tlog
