  Generate moc_predefs.h
  Moc'ing ..\appcmn_qt\aboutdlg.h...
  Moc'ing getmain.h...
  Moc'ing getoptdlg.h...
  Moc'ing ..\appcmn_qt\keydlg.h...
  Moc'ing staoptdlg.h...
  Moc'ing ..\appcmn_qt\timedlg.h...
  Moc'ing ..\appcmn_qt\viewer.h...
  Moc'ing ..\appcmn_qt\vieweropt.h...
  Rcc'ing rtkget_qt.qrc...
  Uic'ing ..\appcmn_qt\aboutdlg.ui...
  Uic'ing getmain.ui...
  Uic'ing getoptdlg.ui...
  Uic'ing ..\appcmn_qt\keydlg.ui...
  Uic'ing staoptdlg.ui...
  Uic'ing ..\appcmn_qt\timedlg.ui...
  Uic'ing ..\appcmn_qt\viewer.ui...
  Uic'ing ..\appcmn_qt\vieweropt.ui...
  aboutdlg.cpp
  getmain.cpp
  getoptdlg.cpp
  keydlg.cpp
  main.cpp
  staoptdlg.cpp
e:\gnss\rtklib\rtklib_243_gui_qt\app\rtkget_qt\getmain.cpp(644): error C2440: 'initializing': cannot convert from 'const char [2]' to 'char *'
  e:\gnss\rtklib\rtklib_243_gui_qt\app\rtkget_qt\getmain.cpp(644): note: Conversion from string literal loses const qualifier (see /Zc:strictStrings)
  timedlg.cpp
  viewer.cpp
  vieweropt.cpp
  moc_aboutdlg.cpp
  moc_getmain.cpp
  moc_getoptdlg.cpp
  moc_keydlg.cpp
  moc_staoptdlg.cpp
  moc_timedlg.cpp
  moc_viewer.cpp
  moc_vieweropt.cpp
  qrc_rtkget_qt.cpp
