  Generate moc_predefs.h
  Moc'ing ..\appcmn_qt\aboutdlg.h...
  Moc'ing ..\appcmn_qt\cmdoptdlg.h...
  Moc'ing ..\appcmn_qt\console.h...
  Moc'ing convdlg.h...
  Moc'ing ..\appcmn_qt\fileoptdlg.h...
  Moc'ing ..\appcmn_qt\ftpoptdlg.h...
  Moc'ing ..\appcmn_qt\keydlg.h...
  Moc'ing ..\appcmn_qt\refdlg.h...
  Moc'ing ..\appcmn_qt\serioptdlg.h...
  Moc'ing svrmain.h...
  Moc'ing svroptdlg.h...
  Moc'ing ..\appcmn_qt\tcpoptdlg.h...
  Rcc'ing strsvr_qt.qrc...
  Uic'ing ..\appcmn_qt\aboutdlg.ui...
  Uic'ing ..\appcmn_qt\cmdoptdlg.ui...
  Uic'ing ..\appcmn_qt\console.ui...
  Uic'ing convdlg.ui...
  Uic'ing ..\appcmn_qt\fileoptdlg.ui...
  Uic'ing ..\appcmn_qt\ftpoptdlg.ui...
  Uic'ing ..\appcmn_qt\keydlg.ui...
  Uic'ing ..\appcmn_qt\refdlg.ui...
  Uic'ing ..\appcmn_qt\serioptdlg.ui...
  Uic'ing svrmain.ui...
  Uic'ing svroptdlg.ui...
  Uic'ing ..\appcmn_qt\tcpoptdlg.ui...
  aboutdlg.cpp
  cmdoptdlg.cpp
  console.cpp
  convdlg.cpp
  fileoptdlg.cpp
  ftpoptdlg.cpp
  keydlg.cpp
  refdlg.cpp
e:\qt\qt5.11.1\5.11.1\msvc2017_64\include\qtcore\qsharedpointer_impl.h(667): warning C4003: not enough arguments for function-like macro invocation 'lock' (compiling source file convdlg.cpp)
e:\qt\qt5.11.1\5.11.1\msvc2017_64\include\qtcore\qsharedpointer_impl.h(667): warning C4003: not enough arguments for function-like macro invocation 'lock' (compiling source file ..\appcmn_qt\ftpoptdlg.cpp)
  serioptdlg.cpp
  strsvr.cpp
  svrmain.cpp
  svroptdlg.cpp
  tcpoptdlg.cpp
  moc_aboutdlg.cpp
  moc_cmdoptdlg.cpp
  moc_console.cpp
e:\qt\qt5.11.1\5.11.1\msvc2017_64\include\qtcore\qsharedpointer_impl.h(667): warning C4003: not enough arguments for function-like macro invocation 'lock' (compiling source file ..\appcmn_qt\tcpoptdlg.cpp)
  moc_convdlg.cpp
  moc_fileoptdlg.cpp
  moc_ftpoptdlg.cpp
  moc_keydlg.cpp
  moc_refdlg.cpp
  moc_serioptdlg.cpp
  moc_svrmain.cpp
  moc_svroptdlg.cpp
  moc_tcpoptdlg.cpp
  qrc_strsvr_qt.cpp
LINK : fatal error LNK1104: cannot open file '..\..\src\debug\libRTKLib.a'
