  Generate moc_predefs.h
  Moc'ing ..\appcmn_qt\aboutdlg.h...
  Moc'ing ..\appcmn_qt\cmdoptdlg.h...
  Moc'ing conndlg.h...
  Moc'ing ..\appcmn_qt\console.h...
  Moc'ing ..\appcmn_qt\fileoptdlg.h...
  Moc'ing fileseldlg.h...
  Moc'ing geview.h...
  Moc'ing ..\appcmn_qt\gmview.h...
  Moc'ing ..\appcmn_qt\keydlg.h...
  Moc'ing mapdlg.h...
  Moc'ing plotmain.h...
  Moc'ing plotopt.h...
  Moc'ing pntdlg.h...
  Moc'ing ..\appcmn_qt\refdlg.h...
  Moc'ing satdlg.h...
  Moc'ing ..\appcmn_qt\serioptdlg.h...
  Moc'ing skydlg.h...
  Moc'ing ..\appcmn_qt\tcpoptdlg.h...
  Moc'ing ..\appcmn_qt\tspandlg.h...
  Moc'ing ..\appcmn_qt\viewer.h...
  Moc'ing ..\appcmn_qt\vieweropt.h...
  Moc'ing vmapdlg.h...
  Rcc'ing rtkplot_qt.qrc...
  Uic'ing ..\appcmn_qt\aboutdlg.ui...
  Uic'ing ..\appcmn_qt\cmdoptdlg.ui...
  Uic'ing conndlg.ui...
  Uic'ing ..\appcmn_qt\console.ui...
  Uic'ing ..\appcmn_qt\fileoptdlg.ui...
  Uic'ing fileseldlg.ui...
  Uic'ing geview.ui...
  Uic'ing ..\appcmn_qt\gmview.ui...
  Uic'ing ..\appcmn_qt\keydlg.ui...
  Uic'ing mapdlg.ui...
  Uic'ing plotmain.ui...
  Uic'ing plotopt.ui...
  Uic'ing pntdlg.ui...
  Uic'ing ..\appcmn_qt\refdlg.ui...
  Uic'ing satdlg.ui...
  Uic'ing ..\appcmn_qt\serioptdlg.ui...
  Uic'ing skydlg.ui...
  Uic'ing ..\appcmn_qt\tcpoptdlg.ui...
  Uic'ing ..\appcmn_qt\tspandlg.ui...
  Uic'ing ..\appcmn_qt\viewer.ui...
  Uic'ing ..\appcmn_qt\vieweropt.ui...
  Uic'ing vmapdlg.ui...
  aboutdlg.cpp
  cmdoptdlg.cpp
  conndlg.cpp
  console.cpp
  fileoptdlg.cpp
  fileseldlg.cpp
e:\qt\qt5.11.1\5.11.1\msvc2017_64\include\qtcore\qsharedpointer_impl.h(667): warning C4003: not enough arguments for function-like macro invocation 'lock' (compiling source file conndlg.cpp)
  geview.cpp
  gmview.cpp
  graph.cpp
  keydlg.cpp
  mapdlg.cpp
  plotcmn.cpp
  plotdata.cpp
  plotdraw.cpp
  plotinfo.cpp
  plotmain.cpp
e:\gnss\rtklib\rtklib_243_gui_qt\app\rtkplot_qt\plotdata.cpp(986): error C2440: 'initializing': cannot convert from 'const char [1]' to 'char *'
  e:\gnss\rtklib\rtklib_243_gui_qt\app\rtkplot_qt\plotdata.cpp(986): note: Conversion from string literal loses const qualifier (see /Zc:strictStrings)
e:\gnss\rtklib\rtklib_243_gui_qt\app\rtkplot_qt\plotdata.cpp(1021): warning C4267: 'argument': conversion from 'size_t' to 'int', possible loss of data
e:\gnss\rtklib\rtklib_243_gui_qt\app\rtkplot_qt\plotdata.cpp(1056): warning C4267: 'argument': conversion from 'size_t' to 'int', possible loss of data
  plotopt.cpp
  pntdlg.cpp
  refdlg.cpp
  rtkplot.cpp
  satdlg.cpp
  serioptdlg.cpp
  skydlg.cpp
  tcpoptdlg.cpp
  tspandlg.cpp
  viewer.cpp
  vieweropt.cpp
  vmapdlg.cpp
e:\qt\qt5.11.1\5.11.1\msvc2017_64\include\qtcore\qsharedpointer_impl.h(667): warning C4003: not enough arguments for function-like macro invocation 'lock' (compiling source file ..\appcmn_qt\tcpoptdlg.cpp)
  moc_aboutdlg.cpp
  moc_cmdoptdlg.cpp
e:\qt\qt5.11.1\5.11.1\msvc2017_64\include\qtcore\qsharedpointer_impl.h(667): warning C4003: not enough arguments for function-like macro invocation 'lock' (compiling source file ..\appcmn_qt\tspandlg.cpp)
  moc_conndlg.cpp
  moc_console.cpp
  moc_fileoptdlg.cpp
  moc_fileseldlg.cpp
  moc_geview.cpp
  moc_gmview.cpp
  moc_keydlg.cpp
  moc_mapdlg.cpp
  moc_plotmain.cpp
  moc_plotopt.cpp
  moc_pntdlg.cpp
  moc_refdlg.cpp
  moc_satdlg.cpp
  moc_serioptdlg.cpp
  moc_skydlg.cpp
  moc_tcpoptdlg.cpp
  moc_tspandlg.cpp
  moc_viewer.cpp
  moc_vieweropt.cpp
  moc_vmapdlg.cpp
  qrc_rtkplot_qt.cpp
