e:\gnss\rtklib\rtklib_243_gui_qt\src\x64\debug\binex.obj
e:\gnss\rtklib\rtklib_243_gui_qt\src\x64\debug\download.obj
e:\gnss\rtklib\rtklib_243_gui_qt\src\x64\debug\lambda.obj
e:\gnss\rtklib\rtklib_243_gui_qt\src\x64\debug\postpos.obj
e:\gnss\rtklib\rtklib_243_gui_qt\src\x64\debug\preceph.obj
e:\gnss\rtklib\rtklib_243_gui_qt\src\x64\debug\rtcm.obj
e:\gnss\rtklib\rtklib_243_gui_qt\src\x64\debug\rtcm3.obj
e:\gnss\rtklib\rtklib_243_gui_qt\src\x64\debug\septentrio.obj
e:\gnss\rtklib\rtklib_243_gui_qt\src\x64\debug\tersus.obj
e:\gnss\rtklib\rtklib_243_gui_qt\src\x64\debug\convkml.obj
e:\gnss\rtklib\rtklib_243_gui_qt\src\x64\debug\gw10.obj
e:\gnss\rtklib\rtklib_243_gui_qt\src\x64\debug\options.obj
e:\gnss\rtklib\rtklib_243_gui_qt\src\x64\debug\ppp.obj
e:\gnss\rtklib\rtklib_243_gui_qt\src\x64\debug\rcvraw.obj
e:\gnss\rtklib\rtklib_243_gui_qt\src\x64\debug\rtcm2.obj
e:\gnss\rtklib\rtklib_243_gui_qt\src\x64\debug\rtksvr.obj
e:\gnss\rtklib\rtklib_243_gui_qt\src\x64\debug\stream.obj
e:\gnss\rtklib\rtklib_243_gui_qt\src\x64\debug\ublox.obj
e:\gnss\rtklib\rtklib_243_gui_qt\src\x64\debug\convgpx.obj
e:\gnss\rtklib\rtklib_243_gui_qt\src\x64\debug\geoid.obj
e:\gnss\rtklib\rtklib_243_gui_qt\src\x64\debug\novatel.obj
e:\gnss\rtklib\rtklib_243_gui_qt\src\x64\debug\qzslex.obj
e:\gnss\rtklib\rtklib_243_gui_qt\src\x64\debug\rtcm3e.obj
e:\gnss\rtklib\rtklib_243_gui_qt\src\x64\debug\solution.obj
e:\gnss\rtklib\rtklib_243_gui_qt\src\x64\debug\cmr.obj
e:\gnss\rtklib\rtklib_243_gui_qt\src\x64\debug\ephemeris.obj
e:\gnss\rtklib\rtklib_243_gui_qt\src\x64\debug\javad.obj
e:\gnss\rtklib\rtklib_243_gui_qt\src\x64\debug\ppp_ar.obj
e:\gnss\rtklib\rtklib_243_gui_qt\src\x64\debug\rt17.obj
e:\gnss\rtklib\rtklib_243_gui_qt\src\x64\debug\sbas.obj
e:\gnss\rtklib\rtklib_243_gui_qt\src\x64\debug\streamsvr.obj
e:\gnss\rtklib\rtklib_243_gui_qt\src\x64\debug\convrnx.obj
e:\gnss\rtklib\rtklib_243_gui_qt\src\x64\debug\gis.obj
e:\gnss\rtklib\rtklib_243_gui_qt\src\x64\debug\nvs.obj
e:\gnss\rtklib\rtklib_243_gui_qt\src\x64\debug\ppp_corr.obj
e:\gnss\rtklib\rtklib_243_gui_qt\src\x64\debug\rinex.obj
e:\gnss\rtklib\rtklib_243_gui_qt\src\x64\debug\rtkcmn.obj
e:\gnss\rtklib\rtklib_243_gui_qt\src\x64\debug\skytraq.obj
e:\gnss\rtklib\rtklib_243_gui_qt\src\x64\debug\tides.obj
e:\gnss\rtklib\rtklib_243_gui_qt\src\x64\debug\crescent.obj
e:\gnss\rtklib\rtklib_243_gui_qt\src\x64\debug\datum.obj
e:\gnss\rtklib\rtklib_243_gui_qt\src\x64\debug\ionex.obj
e:\gnss\rtklib\rtklib_243_gui_qt\src\x64\debug\pntpos.obj
e:\gnss\rtklib\rtklib_243_gui_qt\src\x64\debug\rcvlex.obj
e:\gnss\rtklib\rtklib_243_gui_qt\src\x64\debug\rtkpos.obj
e:\gnss\rtklib\rtklib_243_gui_qt\src\x64\debug\ss2.obj
e:\gnss\rtklib\rtklib_243_gui_qt\src\x64\debug\tle.obj
e:\gnss\rtklib\rtklib_243_gui_qt\src\x64\debug\vc141.pdb
e:\gnss\rtklib\rtklib_243_gui_qt\src\debug\rtklib.lib
e:\gnss\rtklib\rtklib_243_gui_qt\src\x64\debug\rtklib.tlog\cl.12388.write.1.tlog
e:\gnss\rtklib\rtklib_243_gui_qt\src\x64\debug\rtklib.tlog\cl.command.1.tlog
e:\gnss\rtklib\rtklib_243_gui_qt\src\x64\debug\rtklib.tlog\cl.read.1.tlog
e:\gnss\rtklib\rtklib_243_gui_qt\src\x64\debug\rtklib.tlog\lib-link.read.1.tlog
e:\gnss\rtklib\rtklib_243_gui_qt\src\x64\debug\rtklib.tlog\lib-link.write.1.tlog
e:\gnss\rtklib\rtklib_243_gui_qt\src\x64\debug\rtklib.tlog\lib.command.1.tlog
